<?xml version="1.0" encoding="utf-8" standalone="no"?>
<!--This file represents the results of running a test suite-->
<test-results name="D:\Intech\Cours\C.Net\Exercice\Arbre.Tests\bin\Debug\net461\Arbre.Tests.dll" total="1" errors="0" failures="0" not-run="0" inconclusive="0" ignored="0" skipped="0" invalid="0" date="2018-11-07" time="19:46:50">
  <environment nunit-version="2.6.4.14350" clr-version="4.0.30319.42000" os-version="Microsoft Windows NT 6.1.7601 Service Pack 1" platform="Win32NT" cwd="D:\Intech\Cours\C.Net\Exercice\Arbre.Tests\bin\Debug\net461" machine-name="E6320" user="user" user-domain="E6320" />
  <culture-info current-culture="fr-FR" current-uiculture="fr-FR" />
  <test-suite type="Assembly" name="D:\Intech\Cours\C.Net\Exercice\Arbre.Tests\bin\Debug\net461\Arbre.Tests.dll" executed="True" result="Success" success="True" time="1.331" asserts="0">
    <results>
      <test-suite type="Namespace" name="TestUnitaire" executed="True" result="Success" success="True" time="0.998" asserts="0">
        <results>
          <test-suite type="Namespace" name="Tests" executed="True" result="Success" success="True" time="0.997" asserts="0">
            <results>
              <test-suite type="TestFixture" name="Test" executed="True" result="Success" success="True" time="0.995" asserts="0">
                <results>
                  <test-case name="TestUnitaire.Tests.Test.T1_companies_can_be_found_by_name" executed="True" result="Success" success="True" time="0.449" asserts="0" />
                </results>
              </test-suite>
            </results>
          </test-suite>
        </results>
      </test-suite>
    </results>
  </test-suite>
</test-results>